1529403320696	geckodriver	INFO	Listening on 127.0.0.1:60990
1529403323763	mozprofile::profile	INFO	Using profile path C:\Users\wjj\AppData\Local\Temp\rust_mozprofile.R9XjOBm380uX
1529403323764	geckodriver::marionette	INFO	Starting browser C:\Program Files (x86)\Mozilla Firefox\firefox.exe with args []
1529403323769	geckodriver::marionette	INFO	Connecting to Marionette on localhost:61002
1529403324768	Marionette	INFO	Listening on port 61002
JavaScript warning: http://b.anfubaoxian.cn/resources/js/jquery.js, line 1: Using //@ to indicate sourceMappingURL pragmas is deprecated. Use //# instead
1529420438529	geckodriver	INFO	Listening on 127.0.0.1:58477
1529420441617	mozprofile::profile	INFO	Using profile path C:\Users\lenovo\AppData\Local\Temp\rust_mozprofile.sZZeMGBff2Kk
1529420441642	geckodriver::marionette	INFO	Starting browser C:\Program Files (x86)\Mozilla Firefox\firefox.exe with args []
1529420441682	geckodriver::marionette	INFO	Connecting to Marionette on localhost:58487
[GFX1]: Potential driver version mismatch ignored due to missing DLLs 0.0.0.0 and 0.0.0.0
1529420443638	Marionette	INFO	Listening on port 58487
JavaScript error: resource://gre/components/nsUrlClassifierListManager.js, line 471: TypeError: this.tablesData[table] is undefined
\AppData\Local\Temp\rust_mozprofile.RAzAFebECMZy
1529420448779	geckodriver::marionette	INFO	Starting browser C:\Program Files (x86)\Mozilla Firefox\firefox.exe with args []
1529420448810	geckodriver::marionette	INFO	Connecting to Marionette on localhost:58512
[GFX1]: Potential driver version mismatch ignored due to missing DLLs 0.0.0.0 and 0.0.0.0
1529420450473	Marionette	INFO	Listening on port 58512
1529420451963	geckodriver	INFO	Listening on 127.0.0.1:58525
1529420455041	mozprofile::profile	INFO	Using profile path C:\Users\lenovo\AppData\Local\Temp\rust_mozprofile.1Y9AU3AXuD6c
1529420455068	geckodriver::marionette	INFO	Starting browser C:\Program Files (x86)\Mozilla Firefox\firefox.exe with args []
1529420455099	geckodriver::marionette	INFO	Connecting to Marionette on localhost:58537
[GFX1]: Potential driver version mismatch ignored due to missing DLLs 0.0.0.0 and 0.0.0.0
1529420456632	Marionette	INFO	Listening on port 58537
1529420458383	geckodriver	INFO	Listening on 127.0.0.1:58548
1529420461481	mozprofile::profile	INFO	Using profile path C:\Users\lenovo\AppData\Local\Temp\rust_mozprofile.2WjAKtLwqXDH
1529420461517	geckodriver::marionette	INFO	Starting browser C:\Program Files (x86)\Mozilla Firefox\firefox.exe with args []
1529420461551	geckodriver::marionette	INFO	Connecting to Marionette on localhost:58560
[GFX1]: Potential driver version mismatch ignored due to missing DLLs 0.0.0.0 and 0.0.0.0
1529420463054	Marionette	INFO	Listening on port 58560
1529420465150	geckodriver	INFO	Listening on 127.0.0.1:58575
1529420468293	mozprofile::profile	INFO	Using profile path C:\Users\lenovo\AppData\Local\Temp\rust_mozprofile.aIgqBSWcNbEf
1529420468337	geckodriver::marionette	INFO	Starting browser C:\Program Files (x86)\Mozilla Firefox\firefox.exe with args []
1529420468374	geckodriver::marionette	INFO	Connecting to Marionette on localhost:58587
[GFX1]: Potential driver version mismatch ignored due to missing DLLs 0.0.0.0 and 0.0.0.0
1529420470202	Marionette	INFO	Listening on port 58587
1529421289019	geckodriver	INFO	Listening on 127.0.0.1:58894
1529421292102	mozprofile::profile	INFO	Using profile path C:\Users\lenovo\AppData\Local\Temp\rust_mozprofile.W2ZCleunYkv4
1529421292130	geckodriver::marionette	INFO	Starting browser C:\Program Files (x86)\Mozilla Firefox\firefox.exe with args []
1529421292153	geckodriver::marionette	INFO	Connecting to Marionette on localhost:58903
[GFX1]: Potential driver version mismatch ignored due to missing DLLs 0.0.0.0 and 0.0.0.0
1529421294029	Marionette	INFO	Listening on port 58903
JavaScript warning: http://b.anfubaoxian.cn/resources/js/jquery.js, line 1: Using //@ to indicate sourceMappingURL pragmas is deprecated. Use //# instead
JavaScript warning: http://b.anfubaoxian.cn/resources/js/jquery.js, line 1: Using //@ to indicate sourceMappingURL pragmas is deprecated. Use //# instead
1529421299656	geckodriver	INFO	Listening on 127.0.0.1:58937
1529421302782	mozprofile::profile	INFO	Using profile path C:\Users\lenovo\AppData\Local\Temp\rust_mozprofile.wQSUb6VpYxeF
1529421302826	geckodriver::marionette	INFO	Starting browser C:\Program Files (x86)\Mozilla Firefox\firefox.exe with args []
1529421302863	geckodriver::marionette	INFO	Connecting to Marionette on localhost:58948
[GFX1]: Potential driver version mismatch ignored due to missing DLLs 0.0.0.0 and 0.0.0.0
1529421305303	Marionette	INFO	Listening on port 58948
JavaScript warning: http://b.anfubaoxian.cn/resources/js/jquery.js, line 1: Using //@ to indicate sourceMappingURL pragmas is deprecated. Use //# instead
1529421307713	geckodriver	INFO	Listening on 127.0.0.1:58972
1529421310795	mozprofile::profile	INFO	Using profile path C:\Users\lenovo\AppData\Local\Temp\rust_mozprofile.ZKgqZUNI5NVD
1529421310839	geckodriver::marionette	INFO	Starting browser C:\Program Files (x86)\Mozilla Firefox\firefox.exe with args []
1529421310878	geckodriver::marionette	INFO	Connecting to Marionette on localhost:58985
[GFX1]: Potential driver version mismatch ignored due to missing DLLs 0.0.0.0 and 0.0.0.0
1529421312815	Marionette	INFO	Listening on port 58985
JavaScript warning: http://b.anfubaoxian.cn/resources/js/jquery.js, line 1: Using //@ to indicate sourceMappingURL pragmas is deprecated. Use //# instead
1529421315317	geckodriver	INFO	Listening on 127.0.0.1:59003
1529421318390	mozprofile::profile	INFO	Using profile path C:\Users\lenovo\AppData\Local\Temp\rust_mozprofile.xxGtJWTGTQQA
1529421318433	geckodriver::marionette	INFO	Starting browser C:\Program Files (x86)\Mozilla Firefox\firefox.exe with args []
1529421318473	geckodriver::marionette	INFO	Connecting to Marionette on localhost:59018
[GFX1]: Potential driver version mismatch ignored due to missing DLLs 0.0.0.0 and 0.0.0.0
1529421320538	Marionette	INFO	Listening on port 59018
JavaScript warning: http://b.anfubaoxian.cn/resources/js/jquery.js, line 1: Using //@ to indicate sourceMappingURL pragmas is deprecated. Use //# instead
1529421322748	geckodriver	INFO	Listening on 127.0.0.1:59040
1529421325899	mozprofile::profile	INFO	Using profile path C:\Users\lenovo\AppData\Local\Temp\rust_mozprofile.V0gzFL8zgxhi
1529421325942	geckodriver::marionette	INFO	Starting browser C:\Program Files (x86)\Mozilla Firefox\firefox.exe with args []
1529421325981	geckodriver::marionette	INFO	Connecting to Marionette on localhost:59053
[GFX1]: Potential driver version mismatch ignored due to missing DLLs 0.0.0.0 and 0.0.0.0
1529421328090	Marionette	INFO	Listening on port 59053
JavaScript warning: http://b.anfubaoxian.cn/resources/js/jquery.js, line 1: Using //@ to indicate sourceMappingURL pragmas is deprecated. Use //# instead
1529421443131	geckodriver	INFO	Listening on 127.0.0.1:59094
1529421446205	mozprofile::profile	INFO	Using profile path C:\Users\lenovo\AppData\Local\Temp\rust_mozprofile.LU0t4c0Ak9BD
1529421446235	geckodriver::marionette	INFO	Starting browser C:\Program Files (x86)\Mozilla Firefox\firefox.exe with args []
1529421446261	geckodriver::marionette	INFO	Connecting to Marionette on localhost:59104
[GFX1]: Potential driver version mismatch ignored due to missing DLLs 0.0.0.0 and 0.0.0.0
1529421448244	Marionette	INFO	Listening on port 59104
JavaScript warning: http://b.anfubaoxian.cn/resources/js/jquery.js, line 1: Using //@ to indicate sourceMappingURL pragmas is deprecated. Use //# instead
JavaScript warning: http://b.anfubaoxian.cn/resources/js/jquery.js, line 1: Using //@ to indicate sourceMappingURL pragmas is deprecated. Use //# instead
1529421581171	addons.productaddons	WARN	Failed downloading via XHR, status: 0, reason: error
INFO	Using profile path C:\Users\lenovo\AppData\Local\Temp\rust_mozprofile.amfkvzOM151d
1529421456585	geckodriver::marionette	INFO	Starting browser C:\Program Files (x86)\Mozilla Firefox\firefox.exe with args []
1529421456624	geckodriver::marionette	INFO	Connecting to Marionette on localhost:59145
[GFX1]: Potential driver version mismatch ignored due to missing DLLs 0.0.0.0 and 0.0.0.0
1529421458855	Marionette	INFO	Listening on port 59145
JavaScript warning: http://b.anfubaoxian.cn/resources/js/jquery.js, line 1: Using //@ to indicate sourceMappingURL pragmas is deprecated. Use //# instead
JavaScript warning: http://b.anfubaoxian.cn/resources/js/jquery.js, line 1: Using //@ to indicate sourceMappingURL pragmas is deprecated. Use //# instead
1529421593255	addons.productaddons	WARN	Failed downloading via XHR, status: 0, reason: error
INFO	Using profile path C:\Users\lenovo\AppData\Local\Temp\rust_mozprofile.E96ZCtshYYON
1529421467542	geckodriver::marionette	INFO	Starting browser C:\Program Files (x86)\Mozilla Firefox\firefox.exe with args []
1529421467582	geckodriver::marionette	INFO	Connecting to Marionette on localhost:59190
[GFX1]: Potential driver version mismatch ignored due to missing DLLs 0.0.0.0 and 0.0.0.0
1529421469730	Marionette	INFO	Listening on port 59190
JavaScript warning: http://b.anfubaoxian.cn/resources/js/jquery.js, line 1: Using //@ to indicate sourceMappingURL pragmas is deprecated. Use //# instead
JavaScript warning: http://b.anfubaoxian.cn/resources/js/jquery.js, line 1: Using //@ to indicate sourceMappingURL pragmas is deprecated. Use //# instead
1529421593343	addons.productaddons	WARN	Failed downloading via XHR, status: 0, reason: error
1529421612615	addons.productaddons	WARN	Failed downloading via XHR, status: 0, reason: error
1478612	geckodriver::marionette	INFO	Starting browser C:\Program Files (x86)\Mozilla Firefox\firefox.exe with args []
1529421478648	geckodriver::marionette	INFO	Connecting to Marionette on localhost:59237
[GFX1]: Potential driver version mismatch ignored due to missing DLLs 0.0.0.0 and 0.0.0.0
1529421481047	Marionette	INFO	Listening on port 59237
JavaScript warning: http://b.anfubaoxian.cn/resources/js/jquery.js, line 1: Using //@ to indicate sourceMappingURL pragmas is deprecated. Use //# instead
JavaScript warning: http://b.anfubaoxian.cn/resources/js/jquery.js, line 1: Using //@ to indicate sourceMappingURL pragmas is deprecated. Use //# instead
1529421609293	addons.productaddons	WARN	Failed downloading via XHR, status: 0, reason: error
INFO	Using profile path C:\Users\lenovo\AppData\Local\Temp\rust_mozprofile.wuGlQz4Ajs37
1529421489941	geckodriver::marionette	INFO	Starting browser C:\Program Files (x86)\Mozilla Firefox\firefox.exe with args []
1529421489977	geckodriver::marionette	INFO	Connecting to Marionette on localhost:59283
[GFX1]: Potential driver version mismatch ignored due to missing DLLs 0.0.0.0 and 0.0.0.0
1529421492053	Marionette	INFO	Listening on port 59283
JavaScript warning: http://b.anfubaoxian.cn/resources/js/jquery.js, line 1: Using //@ to indicate sourceMappingURL pragmas is deprecated. Use //# instead
1529421607720	addons.productaddons	WARN	Failed downloading via XHR, status: 0, reason: error
1529460089714	geckodriver	INFO	Listening on 127.0.0.1:50745
1529460092736	mozprofile::profile	INFO	Using profile path C:\Users\wjj\AppData\Local\Temp\rust_mozprofile.A3Qz0Ywcyqhg
1529460092737	geckodriver::marionette	INFO	Starting browser C:\Program Files (x86)\Mozilla Firefox\firefox.exe with args []
1529460092742	geckodriver::marionette	INFO	Connecting to Marionette on localhost:50760
1529460094245	Marionette	INFO	Listening on port 50760
JavaScript warning: http://b.anfubaoxian.cn/resources/js/jquery.js, line 1: Using //@ to indicate sourceMappingURL pragmas is deprecated. Use //# instead
JavaScript warning: http://b.anfubaoxian.cn/resources/js/jquery.js, line 1: Using //@ to indicate sourceMappingURL pragmas is deprecated. Use //# instead
1529460211333	addons.productaddons	WARN	Failed downloading via XHR, status: 0, reason: error
INFO	Using profile path C:\Users\wjj\AppData\Local\Temp\rust_mozprofile.yAqJ9bPqMXTw
1529460105063	geckodriver::marionette	INFO	Starting browser C:\Program Files (x86)\Mozilla Firefox\firefox.exe with args []
1529460105068	geckodriver::marionette	INFO	Connecting to Marionette on localhost:50820
1529460107514	Marionette	INFO	Listening on port 50820
JavaScript warning: http://b.anfubaoxian.cn/resources/js/jquery.js, line 1: Using //@ to indicate sourceMappingURL pragmas is deprecated. Use //# instead
JavaScript warning: http://b.anfubaoxian.cn/resources/js/jquery.js, line 1: Using //@ to indicate sourceMappingURL pragmas is deprecated. Use //# instead
1529460221315	addons.productaddons	WARN	Failed downloading via XHR, status: 0, reason: error
INFO	Using profile path C:\Users\wjj\AppData\Local\Temp\rust_mozprofile.jVEqNzt35GlO
1529460117815	geckodriver::marionette	INFO	Starting browser C:\Program Files (x86)\Mozilla Firefox\firefox.exe with args []
1529460117820	geckodriver::marionette	INFO	Connecting to Marionette on localhost:50885
1529460119088	Marionette	INFO	Listening on port 50885
JavaScript warning: http://b.anfubaoxian.cn/resources/js/jquery.js, line 1: Using //@ to indicate sourceMappingURL pragmas is deprecated. Use //# instead
JavaScript warning: http://b.anfubaoxian.cn/resources/js/jquery.js, line 1: Using //@ to indicate sourceMappingURL pragmas is deprecated. Use //# instead
1529460234677	addons.productaddons	WARN	Failed downloading via XHR, status: 0, reason: error
INFO	Using profile path C:\Users\wjj\AppData\Local\Temp\rust_mozprofile.Skt6K4fF6WXZ
1529460129195	geckodriver::marionette	INFO	Starting browser C:\Program Files (x86)\Mozilla Firefox\firefox.exe with args []
1529460129199	geckodriver::marionette	INFO	Connecting to Marionette on localhost:50938
1529460131776	Marionette	INFO	Listening on port 50938
JavaScript warning: http://b.anfubaoxian.cn/resources/js/jquery.js, line 1: Using //@ to indicate sourceMappingURL pragmas is deprecated. Use //# instead
JavaScript warning: http://b.anfubaoxian.cn/resources/js/jquery.js, line 1: Using //@ to indicate sourceMappingURL pragmas is deprecated. Use //# instead
1529460249759	addons.productaddons	WARN	Failed downloading via XHR, status: 0, reason: error
INFO	Using profile path C:\Users\wjj\AppData\Local\Temp\rust_mozprofile.rVXgzEZbcyTB
1529460142204	geckodriver::marionette	INFO	Starting browser C:\Program Files (x86)\Mozilla Firefox\firefox.exe with args []
1529460142209	geckodriver::marionette	INFO	Connecting to Marionette on localhost:51001
1529460143084	Marionette	INFO	Listening on port 51001
JavaScript warning: http://b.anfubaoxian.cn/resources/js/jquery.js, line 1: Using //@ to indicate sourceMappingURL pragmas is deprecated. Use //# instead
1529460290451	addons.productaddons	WARN	Failed downloading via XHR, status: 0, reason: error
INFO	Using profile path C:\Users\wjj\AppData\Local\Temp\rust_mozprofile.SmzzKEEbsKiM
1529460212548	geckodriver::marionette	INFO	Starting browser C:\Program Files (x86)\Mozilla Firefox\firefox.exe with args []
1529460212553	geckodriver::marionette	INFO	Connecting to Marionette on localhost:51192
1529460213709	Marionette	INFO	Listening on port 51192
JavaScript warning: http://b.anfubaoxian.cn/resources/js/jquery.js, line 1: Using //@ to indicate sourceMappingURL pragmas is deprecated. Use //# instead
JavaScript warning: http://b.anfubaoxian.cn/resources/js/jquery.js, line 1: Using //@ to indicate sourceMappingURL pragmas is deprecated. Use //# instead
1529460293102	addons.productaddons	WARN	Failed downloading via XHR, status: 0, reason: error
INFO	Using profile path C:\Users\wjj\AppData\Local\Temp\rust_mozprofile.4u2SW2ok9fDi
1529460223236	geckodriver::marionette	INFO	Starting browser C:\Program Files (x86)\Mozilla Firefox\firefox.exe with args []
1529460223240	geckodriver::marionette	INFO	Connecting to Marionette on localhost:51247
1529460224467	Marionette	INFO	Listening on port 51247
JavaScript warning: http://b.anfubaoxian.cn/resources/js/jquery.js, line 1: Using //@ to indicate sourceMappingURL pragmas is deprecated. Use //# instead
JavaScript warning: http://b.anfubaoxian.cn/resources/js/jquery.js, line 1: Using //@ to indicate sourceMappingURL pragmas is deprecated. Use //# instead
1529460293700	addons.productaddons	WARN	Failed downloading via XHR, status: 0, reason: error
INFO	Using profile path C:\Users\wjj\AppData\Local\Temp\rust_mozprofile.e53KrdQgSNQj
1529460234877	geckodriver::marionette	INFO	Starting browser C:\Program Files (x86)\Mozilla Firefox\firefox.exe with args []
1529460234882	geckodriver::marionette	INFO	Connecting to Marionette on localhost:51307
1529460235866	Marionette	INFO	Listening on port 51307
JavaScript warning: http://b.anfubaoxian.cn/resources/js/jquery.js, line 1: Using //@ to indicate sourceMappingURL pragmas is deprecated. Use //# instead
JavaScript warning: http://b.anfubaoxian.cn/resources/js/jquery.js, line 1: Using //@ to indicate sourceMappingURL pragmas is deprecated. Use //# instead
1529460246491	geckodriver	INFO	Listening on 127.0.0.1:51364
1529460249543	mozprofile::profile	INFO	Using profile path C:\Users\wjj\AppData\Local\Temp\rust_mozprofile.CAV7ZtACCU8Y
1529460249544	geckodriver::marionette	INFO	Starting browser C:\Program Files (x86)\Mozilla Firefox\firefox.exe with args []
1529460249548	geckodriver::marionette	INFO	Connecting to Marionette on localhost:51381
1529460250696	Marionette	INFO	Listening on port 51381
JavaScript warning: http://b.anfubaoxian.cn/resources/js/jquery.js, line 1: Using //@ to indicate sourceMappingURL pragmas is deprecated. Use //# instead
JavaScript warning: http://b.anfubaoxian.cn/resources/js/jquery.js, line 1: Using //@ to indicate sourceMappingURL pragmas is deprecated. Use //# instead
1529460260769	geckodriver	INFO	Listening on 127.0.0.1:51433
1529460263822	mozprofile::profile	INFO	Using profile path C:\Users\wjj\AppData\Local\Temp\rust_mozprofile.Qg1osKZYh0Ir
1529460263823	geckodriver::marionette	INFO	Starting browser C:\Program Files (x86)\Mozilla Firefox\firefox.exe with args []
1529460263828	geckodriver::marionette	INFO	Connecting to Marionette on localhost:51455
1529460264851	Marionette	INFO	Listening on port 51455
JavaScript warning: http://b.anfubaoxian.cn/resources/js/jquery.js, line 1: Using //@ to indicate sourceMappingURL pragmas is deprecated. Use //# instead
1529460854237	geckodriver	INFO	Listening on 127.0.0.1:52470
1529460857314	mozprofile::profile	INFO	Using profile path C:\Users\wjj\AppData\Local\Temp\rust_mozprofile.MJxmGyimApPB
1529460857315	geckodriver::marionette	INFO	Starting browser C:\Program Files (x86)\Mozilla Firefox\firefox.exe with args []
1529460857320	geckodriver::marionette	INFO	Connecting to Marionette on localhost:52482
1529460858482	Marionette	INFO	Listening on port 52482
JavaScript warning: http://b.anfubaoxian.cn/resources/js/jquery.js, line 1: Using //@ to indicate sourceMappingURL pragmas is deprecated. Use //# instead
1529460986110	geckodriver	INFO	Listening on 127.0.0.1:52718
1529460989190	mozprofile::profile	INFO	Using profile path C:\Users\wjj\AppData\Local\Temp\rust_mozprofile.guOVRSgLk07K
1529460989192	geckodriver::marionette	INFO	Starting browser C:\Program Files (x86)\Mozilla Firefox\firefox.exe with args []
1529460989196	geckodriver::marionette	INFO	Connecting to Marionette on localhost:52730
1529460990196	Marionette	INFO	Listening on port 52730
JavaScript warning: http://b.anfubaoxian.cn/resources/js/jquery.js, line 1: Using //@ to indicate sourceMappingURL pragmas is deprecated. Use //# instead
1529461012765	geckodriver	INFO	Listening on 127.0.0.1:52780
1529461015831	mozprofile::profile	INFO	Using profile path C:\Users\wjj\AppData\Local\Temp\rust_mozprofile.vZvyF8QTHUSe
1529461015832	geckodriver::marionette	INFO	Starting browser C:\Program Files (x86)\Mozilla Firefox\firefox.exe with args []
1529461015836	geckodriver::marionette	INFO	Connecting to Marionette on localhost:52792
1529461016779	Marionette	INFO	Listening on port 52792
JavaScript warning: http://b.anfubaoxian.cn/resources/js/jquery.js, line 1: Using //@ to indicate sourceMappingURL pragmas is deprecated. Use //# instead
1529461204114	geckodriver	INFO	Listening on 127.0.0.1:53140
1529461207173	mozprofile::profile	INFO	Using profile path C:\Users\wjj\AppData\Local\Temp\rust_mozprofile.wisz6HF4GzYd
1529461207174	geckodriver::marionette	INFO	Starting browser C:\Program Files (x86)\Mozilla Firefox\firefox.exe with args []
1529461207179	geckodriver::marionette	INFO	Connecting to Marionette on localhost:53152
1529461208165	Marionette	INFO	Listening on port 53152
JavaScript warning: http://b.anfubaoxian.cn/resources/js/jquery.js, line 1: Using //@ to indicate sourceMappingURL pragmas is deprecated. Use //# instead
1529461243599	geckodriver	INFO	Listening on 127.0.0.1:53226
1529461246622	mozprofile::profile	INFO	Using profile path C:\Users\wjj\AppData\Local\Temp\rust_mozprofile.rWzblLCBDyzv
1529461246623	geckodriver::marionette	INFO	Starting browser C:\Program Files (x86)\Mozilla Firefox\firefox.exe with args []
1529461246627	geckodriver::marionette	INFO	Connecting to Marionette on localhost:53240
1529461247886	Marionette	INFO	Listening on port 53240
JavaScript warning: http://b.anfubaoxian.cn/resources/js/jquery.js, line 1: Using //@ to indicate sourceMappingURL pragmas is deprecated. Use //# instead
JavaScript warning: http://b.anfubaoxian.cn/resources/js/jquery.js, line 1: Using //@ to indicate sourceMappingURL pragmas is deprecated. Use //# instead
1529461254398	geckodriver	INFO	Listening on 127.0.0.1:53279
1529461257422	mozprofile::profile	INFO	Using profile path C:\Users\wjj\AppData\Local\Temp\rust_mozprofile.If2DPG7C6ViL
1529461257423	geckodriver::marionette	INFO	Starting browser C:\Program Files (x86)\Mozilla Firefox\firefox.exe with args []
1529461257427	geckodriver::marionette	INFO	Connecting to Marionette on localhost:53292
1529461258374	Marionette	INFO	Listening on port 53292
JavaScript warning: http://b.anfubaoxian.cn/resources/js/jquery.js, line 1: Using //@ to indicate sourceMappingURL pragmas is deprecated. Use //# instead
JavaScript warning: http://b.anfubaoxian.cn/resources/js/jquery.js, line 1: Using //@ to indicate sourceMappingURL pragmas is deprecated. Use //# instead
1529461264971	geckodriver	INFO	Listening on 127.0.0.1:53332
1529461268011	mozprofile::profile	INFO	Using profile path C:\Users\wjj\AppData\Local\Temp\rust_mozprofile.Vc7UiKWqaAad
1529461268012	geckodriver::marionette	INFO	Starting browser C:\Program Files (x86)\Mozilla Firefox\firefox.exe with args []
1529461268017	geckodriver::marionette	INFO	Connecting to Marionette on localhost:53345
1529461268919	Marionette	INFO	Listening on port 53345
JavaScript warning: http://b.anfubaoxian.cn/resources/js/jquery.js, line 1: Using //@ to indicate sourceMappingURL pragmas is deprecated. Use //# instead
JavaScript warning: http://b.anfubaoxian.cn/resources/js/jquery.js, line 1: Using //@ to indicate sourceMappingURL pragmas is deprecated. Use //# instead
1529461276561	geckodriver	INFO	Listening on 127.0.0.1:53385
1529461279596	mozprofile::profile	INFO	Using profile path C:\Users\wjj\AppData\Local\Temp\rust_mozprofile.03Gyf739nqn0
1529461279597	geckodriver::marionette	INFO	Starting browser C:\Program Files (x86)\Mozilla Firefox\firefox.exe with args []
1529461279601	geckodriver::marionette	INFO	Connecting to Marionette on localhost:53397
1529461280527	Marionette	INFO	Listening on port 53397
JavaScript warning: http://b.anfubaoxian.cn/resources/js/jquery.js, line 1: Using //@ to indicate sourceMappingURL pragmas is deprecated. Use //# instead
JavaScript warning: http://b.anfubaoxian.cn/resources/js/jquery.js, line 1: Using //@ to indicate sourceMappingURL pragmas is deprecated. Use //# instead
1529461287748	geckodriver	INFO	Listening on 127.0.0.1:53439
1529461290813	mozprofile::profile	INFO	Using profile path C:\Users\wjj\AppData\Local\Temp\rust_mozprofile.WbLYewusjNN2
1529461290814	geckodriver::marionette	INFO	Starting browser C:\Program Files (x86)\Mozilla Firefox\firefox.exe with args []
1529461290819	geckodriver::marionette	INFO	Connecting to Marionette on localhost:53451
1529461291762	Marionette	INFO	Listening on port 53451
JavaScript warning: http://b.anfubaoxian.cn/resources/js/jquery.js, line 1: Using //@ to indicate sourceMappingURL pragmas is deprecated. Use //# instead
1529463756070	geckodriver	INFO	Listening on 127.0.0.1:56963
1529463759127	mozprofile::profile	INFO	Using profile path C:\Users\wjj\AppData\Local\Temp\rust_mozprofile.AMMVx3WWpQS8
1529463759128	geckodriver::marionette	INFO	Starting browser C:\Program Files (x86)\Mozilla Firefox\firefox.exe with args []
1529463759132	geckodriver::marionette	INFO	Connecting to Marionette on localhost:56977
1529463760126	Marionette	INFO	Listening on port 56977
JavaScript warning: http://b.anfubaoxian.cn/resources/js/jquery.js, line 1: Using //@ to indicate sourceMappingURL pragmas is deprecated. Use //# instead
1529463763187	geckodriver	INFO	Listening on 127.0.0.1:57001
1529463766206	mozprofile::profile	INFO	Using profile path C:\Users\wjj\AppData\Local\Temp\rust_mozprofile.pSzcSkLxojci
1529463766207	geckodriver::marionette	INFO	Starting browser C:\Program Files (x86)\Mozilla Firefox\firefox.exe with args []
1529463766212	geckodriver::marionette	INFO	Connecting to Marionette on localhost:57013
1529463767144	Marionette	INFO	Listening on port 57013
JavaScript warning: http://b.anfubaoxian.cn/resources/js/jquery.js, line 1: Using //@ to indicate sourceMappingURL pragmas is deprecated. Use //# instead
1529463770489	geckodriver	INFO	Listening on 127.0.0.1:57034
1529463773551	mozprofile::profile	INFO	Using profile path C:\Users\wjj\AppData\Local\Temp\rust_mozprofile.nF8z9sCu0Kog
1529463773552	geckodriver::marionette	INFO	Starting browser C:\Program Files (x86)\Mozilla Firefox\firefox.exe with args []
1529463773556	geckodriver::marionette	INFO	Connecting to Marionette on localhost:57048
1529463774878	Marionette	INFO	Listening on port 57048
JavaScript warning: http://b.anfubaoxian.cn/resources/js/jquery.js, line 1: Using //@ to indicate sourceMappingURL pragmas is deprecated. Use //# instead
1529463777946	geckodriver	INFO	Listening on 127.0.0.1:57071
1529463780992	mozprofile::profile	INFO	Using profile path C:\Users\wjj\AppData\Local\Temp\rust_mozprofile.tovDtUAgvYlM
1529463780994	geckodriver::marionette	INFO	Starting browser C:\Program Files (x86)\Mozilla Firefox\firefox.exe with args []
1529463780998	geckodriver::marionette	INFO	Connecting to Marionette on localhost:57085
1529463781896	Marionette	INFO	Listening on port 57085
JavaScript warning: http://b.anfubaoxian.cn/resources/js/jquery.js, line 1: Using //@ to indicate sourceMappingURL pragmas is deprecated. Use //# instead
1529463785078	geckodriver	INFO	Listening on 127.0.0.1:57107
1529463788158	mozprofile::profile	INFO	Using profile path C:\Users\wjj\AppData\Local\Temp\rust_mozprofile.gmHlbYx8Bcsf
1529463788159	geckodriver::marionette	INFO	Starting browser C:\Program Files (x86)\Mozilla Firefox\firefox.exe with args []
1529463788163	geckodriver::marionette	INFO	Connecting to Marionette on localhost:57119
1529463789143	Marionette	INFO	Listening on port 57119
JavaScript warning: http://b.anfubaoxian.cn/resources/js/jquery.js, line 1: Using //@ to indicate sourceMappingURL pragmas is deprecated. Use //# instead
1529463792613	geckodriver	INFO	Listening on 127.0.0.1:57143
1529463795688	mozprofile::profile	INFO	Using profile path C:\Users\wjj\AppData\Local\Temp\rust_mozprofile.4S93GjT9Ur9X
1529463795689	geckodriver::marionette	INFO	Starting browser C:\Program Files (x86)\Mozilla Firefox\firefox.exe with args []
1529463795693	geckodriver::marionette	INFO	Connecting to Marionette on localhost:57155
1529463796848	Marionette	INFO	Listening on port 57155
JavaScript warning: http://b.anfubaoxian.cn/resources/js/jquery.js, line 1: Using //@ to indicate sourceMappingURL pragmas is deprecated. Use //# instead
1529464002558	geckodriver	INFO	Listening on 127.0.0.1:57453
1529464005604	mozprofile::profile	INFO	Using profile path C:\Users\wjj\AppData\Local\Temp\rust_mozprofile.h9OrS4qXiTbT
1529464005606	geckodriver::marionette	INFO	Starting browser C:\Program Files (x86)\Mozilla Firefox\firefox.exe with args []
1529464005610	geckodriver::marionette	INFO	Connecting to Marionette on localhost:57465
1529464006741	Marionette	INFO	Listening on port 57465
JavaScript warning: http://b.anfubaoxian.cn/resources/js/jquery.js, line 1: Using //@ to indicate sourceMappingURL pragmas is deprecated. Use //# instead
1529464009659	geckodriver	INFO	Listening on 127.0.0.1:57489
1529464012680	mozprofile::profile	INFO	Using profile path C:\Users\wjj\AppData\Local\Temp\rust_mozprofile.GxBnJx4N8CdM
1529464012681	geckodriver::marionette	INFO	Starting browser C:\Program Files (x86)\Mozilla Firefox\firefox.exe with args []
1529464012686	geckodriver::marionette	INFO	Connecting to Marionette on localhost:57501
1529464013588	Marionette	INFO	Listening on port 57501
JavaScript warning: http://b.anfubaoxian.cn/resources/js/jquery.js, line 1: Using //@ to indicate sourceMappingURL pragmas is deprecated. Use //# instead
JavaScript warning: http://b.anfubaoxian.cn/resources/js/jquery.js, line 1: Using //@ to indicate sourceMappingURL pragmas is deprecated. Use //# instead
1529464026981	geckodriver	INFO	Listening on 127.0.0.1:57549
1529464030021	mozprofile::profile	INFO	Using profile path C:\Users\wjj\AppData\Local\Temp\rust_mozprofile.noM9iiWHfjQj
1529464030022	geckodriver::marionette	INFO	Starting browser C:\Program Files (x86)\Mozilla Firefox\firefox.exe with args []
1529464030026	geckodriver::marionette	INFO	Connecting to Marionette on localhost:57563
1529464030987	Marionette	INFO	Listening on port 57563
JavaScript warning: http://b.anfubaoxian.cn/resources/js/jquery.js, line 1: Using //@ to indicate sourceMappingURL pragmas is deprecated. Use //# instead
1529464033884	geckodriver	INFO	Listening on 127.0.0.1:57587
1529464036926	mozprofile::profile	INFO	Using profile path C:\Users\wjj\AppData\Local\Temp\rust_mozprofile.8rpw9PAaTeDU
1529464036927	geckodriver::marionette	INFO	Starting browser C:\Program Files (x86)\Mozilla Firefox\firefox.exe with args []
1529464036931	geckodriver::marionette	INFO	Connecting to Marionette on localhost:57601
1529464037869	Marionette	INFO	Listening on port 57601
JavaScript warning: http://b.anfubaoxian.cn/resources/js/jquery.js, line 1: Using //@ to indicate sourceMappingURL pragmas is deprecated. Use //# instead
1529464043461	geckodriver	INFO	Listening on 127.0.0.1:57628
1529464046493	mozprofile::profile	INFO	Using profile path C:\Users\wjj\AppData\Local\Temp\rust_mozprofile.MHoezbSc2KHp
1529464046494	geckodriver::marionette	INFO	Starting browser C:\Program Files (x86)\Mozilla Firefox\firefox.exe with args []
1529464046499	geckodriver::marionette	INFO	Connecting to Marionette on localhost:57640
1529464047387	Marionette	INFO	Listening on port 57640
JavaScript warning: http://b.anfubaoxian.cn/resources/js/jquery.js, line 1: Using //@ to indicate sourceMappingURL pragmas is deprecated. Use //# instead
1529464050586	geckodriver	INFO	Listening on 127.0.0.1:57663
1529464053617	mozprofile::profile	INFO	Using profile path C:\Users\wjj\AppData\Local\Temp\rust_mozprofile.3XoayHCZip70
1529464053618	geckodriver::marionette	INFO	Starting browser C:\Program Files (x86)\Mozilla Firefox\firefox.exe with args []
1529464053623	geckodriver::marionette	INFO	Connecting to Marionette on localhost:57675
1529464054455	Marionette	INFO	Listening on port 57675
JavaScript warning: http://b.anfubaoxian.cn/resources/js/jquery.js, line 1: Using //@ to indicate sourceMappingURL pragmas is deprecated. Use //# instead
1529473980544	geckodriver	INFO	Listening on 127.0.0.1:56403
1529473983606	mozprofile::profile	INFO	Using profile path C:\Users\wjj\AppData\Local\Temp\rust_mozprofile.JCTTqzzXhJTe
1529473983607	geckodriver::marionette	INFO	Starting browser C:\Program Files (x86)\Mozilla Firefox\firefox.exe with args []
1529473983611	geckodriver::marionette	INFO	Connecting to Marionette on localhost:56427
1529473984657	Marionette	INFO	Listening on port 56427
JavaScript warning: http://b.anfubaoxian.cn/resources/js/jquery.js, line 1: Using //@ to indicate sourceMappingURL pragmas is deprecated. Use //# instead
1529474008850	geckodriver	INFO	Listening on 127.0.0.1:56534
1529474011892	mozprofile::profile	INFO	Using profile path C:\Users\wjj\AppData\Local\Temp\rust_mozprofile.s1Hp2aZjvGsx
1529474011893	geckodriver::marionette	INFO	Starting browser C:\Program Files (x86)\Mozilla Firefox\firefox.exe with args []
1529474011898	geckodriver::marionette	INFO	Connecting to Marionette on localhost:56546
1529474012829	Marionette	INFO	Listening on port 56546
JavaScript warning: http://b.anfubaoxian.cn/resources/js/jquery.js, line 1: Using //@ to indicate sourceMappingURL pragmas is deprecated. Use //# instead
JavaScript warning: http://b.anfubaoxian.cn/resources/js/jquery.js, line 1: Using //@ to indicate sourceMappingURL pragmas is deprecated. Use //# instead
1529474034795	geckodriver	INFO	Listening on 127.0.0.1:56617
1529474037820	mozprofile::profile	INFO	Using profile path C:\Users\wjj\AppData\Local\Temp\rust_mozprofile.x7OF6TMU4xFY
1529474037821	geckodriver::marionette	INFO	Starting browser C:\Program Files (x86)\Mozilla Firefox\firefox.exe with args []
1529474037825	geckodriver::marionette	INFO	Connecting to Marionette on localhost:56629
1529474039022	Marionette	INFO	Listening on port 56629
JavaScript warning: http://b.anfubaoxian.cn/resources/js/jquery.js, line 1: Using //@ to indicate sourceMappingURL pragmas is deprecated. Use //# instead
JavaScript warning: http://b.anfubaoxian.cn/resources/js/jquery.js, line 1: Using //@ to indicate sourceMappingURL pragmas is deprecated. Use //# instead
1529474053308	geckodriver	INFO	Listening on 127.0.0.1:56684
1529474056353	mozprofile::profile	INFO	Using profile path C:\Users\wjj\AppData\Local\Temp\rust_mozprofile.WlKe17jbwOgP
1529474056354	geckodriver::marionette	INFO	Starting browser C:\Program Files (x86)\Mozilla Firefox\firefox.exe with args []
1529474056358	geckodriver::marionette	INFO	Connecting to Marionette on localhost:56696
1529474058993	Marionette	INFO	Listening on port 56696
JavaScript warning: http://b.anfubaoxian.cn/resources/js/jquery.js, line 1: Using //@ to indicate sourceMappingURL pragmas is deprecated. Use //# instead
JavaScript warning: http://b.anfubaoxian.cn/resources/js/jquery.js, line 1: Using //@ to indicate sourceMappingURL pragmas is deprecated. Use //# instead
1529474072858	geckodriver	INFO	Listening on 127.0.0.1:56753
1529474075913	mozprofile::profile	INFO	Using profile path C:\Users\wjj\AppData\Local\Temp\rust_mozprofile.MzUSRI8aqkMU
1529474075914	geckodriver::marionette	INFO	Starting browser C:\Program Files (x86)\Mozilla Firefox\firefox.exe with args []
1529474075919	geckodriver::marionette	INFO	Connecting to Marionette on localhost:56765
1529474077032	Marionette	INFO	Listening on port 56765
JavaScript warning: http://b.anfubaoxian.cn/resources/js/jquery.js, line 1: Using //@ to indicate sourceMappingURL pragmas is deprecated. Use //# instead
JavaScript warning: http://b.anfubaoxian.cn/resources/js/jquery.js, line 1: Using //@ to indicate sourceMappingURL pragmas is deprecated. Use //# instead
1529474091316	geckodriver	INFO	Listening on 127.0.0.1:56817
1529474094366	mozprofile::profile	INFO	Using profile path C:\Users\wjj\AppData\Local\Temp\rust_mozprofile.PEswHTLusSaN
1529474094367	geckodriver::marionette	INFO	Starting browser C:\Program Files (x86)\Mozilla Firefox\firefox.exe with args []
1529474094372	geckodriver::marionette	INFO	Connecting to Marionette on localhost:56829
1529474095237	Marionette	INFO	Listening on port 56829
JavaScript warning: http://b.anfubaoxian.cn/resources/js/jquery.js, line 1: Using //@ to indicate sourceMappingURL pragmas is deprecated. Use //# instead
1529474147430	geckodriver	INFO	Listening on 127.0.0.1:56930
1529474150491	mozprofile::profile	INFO	Using profile path C:\Users\wjj\AppData\Local\Temp\rust_mozprofile.uCjEFVZdbpTR
1529474150492	geckodriver::marionette	INFO	Starting browser C:\Program Files (x86)\Mozilla Firefox\firefox.exe with args []
1529474150497	geckodriver::marionette	INFO	Connecting to Marionette on localhost:56942
1529474151373	Marionette	INFO	Listening on port 56942
JavaScript warning: http://b.anfubaoxian.cn/resources/js/jquery.js, line 1: Using //@ to indicate sourceMappingURL pragmas is deprecated. Use //# instead
1529474154496	geckodriver	INFO	Listening on 127.0.0.1:56968
1529474157570	mozprofile::profile	INFO	Using profile path C:\Users\wjj\AppData\Local\Temp\rust_mozprofile.mHTgzzzjMXfc
1529474157571	geckodriver::marionette	INFO	Starting browser C:\Program Files (x86)\Mozilla Firefox\firefox.exe with args []
1529474157575	geckodriver::marionette	INFO	Connecting to Marionette on localhost:56980
1529474158507	Marionette	INFO	Listening on port 56980
JavaScript warning: http://b.anfubaoxian.cn/resources/js/jquery.js, line 1: Using //@ to indicate sourceMappingURL pragmas is deprecated. Use //# instead
JavaScript warning: http://b.anfubaoxian.cn/resources/js/jquery.js, line 1: Using //@ to indicate sourceMappingURL pragmas is deprecated. Use //# instead
1529474171573	geckodriver	INFO	Listening on 127.0.0.1:57031
1529474174588	mozprofile::profile	INFO	Using profile path C:\Users\wjj\AppData\Local\Temp\rust_mozprofile.fsNtF4uqM3rm
1529474174589	geckodriver::marionette	INFO	Starting browser C:\Program Files (x86)\Mozilla Firefox\firefox.exe with args []
1529474174594	geckodriver::marionette	INFO	Connecting to Marionette on localhost:57043
1529474175583	Marionette	INFO	Listening on port 57043
JavaScript warning: http://b.anfubaoxian.cn/resources/js/jquery.js, line 1: Using //@ to indicate sourceMappingURL pragmas is deprecated. Use //# instead
JavaScript warning: http://b.anfubaoxian.cn/resources/js/jquery.js, line 1: Using //@ to indicate sourceMappingURL pragmas is deprecated. Use //# instead
1529474189194	geckodriver	INFO	Listening on 127.0.0.1:57095
1529474192227	mozprofile::profile	INFO	Using profile path C:\Users\wjj\AppData\Local\Temp\rust_mozprofile.kB9vfSTB76Qm
1529474192228	geckodriver::marionette	INFO	Starting browser C:\Program Files (x86)\Mozilla Firefox\firefox.exe with args []
1529474192233	geckodriver::marionette	INFO	Connecting to Marionette on localhost:57107
1529474193093	Marionette	INFO	Listening on port 57107
JavaScript warning: http://b.anfubaoxian.cn/resources/js/jquery.js, line 1: Using //@ to indicate sourceMappingURL pragmas is deprecated. Use //# instead
JavaScript warning: http://b.anfubaoxian.cn/resources/js/jquery.js, line 1: Using //@ to indicate sourceMappingURL pragmas is deprecated. Use //# instead
1529474206667	geckodriver	INFO	Listening on 127.0.0.1:57156
1529474209708	mozprofile::profile	INFO	Using profile path C:\Users\wjj\AppData\Local\Temp\rust_mozprofile.ozPgLb6Lwzlu
1529474209710	geckodriver::marionette	INFO	Starting browser C:\Program Files (x86)\Mozilla Firefox\firefox.exe with args []
1529474209714	geckodriver::marionette	INFO	Connecting to Marionette on localhost:57168
1529474210683	Marionette	INFO	Listening on port 57168
JavaScript warning: http://b.anfubaoxian.cn/resources/js/jquery.js, line 1: Using //@ to indicate sourceMappingURL pragmas is deprecated. Use //# instead
JavaScript warning: http://b.anfubaoxian.cn/resources/js/jquery.js, line 1: Using //@ to indicate sourceMappingURL pragmas is deprecated. Use //# instead
1529474224154	geckodriver	INFO	Listening on 127.0.0.1:57216
1529474227197	mozprofile::profile	INFO	Using profile path C:\Users\wjj\AppData\Local\Temp\rust_mozprofile.9mNpQaSTD6Nk
1529474227198	geckodriver::marionette	INFO	Starting browser C:\Program Files (x86)\Mozilla Firefox\firefox.exe with args []
1529474227203	geckodriver::marionette	INFO	Connecting to Marionette on localhost:57228
1529474228010	Marionette	INFO	Listening on port 57228
JavaScript warning: http://b.anfubaoxian.cn/resources/js/jquery.js, line 1: Using //@ to indicate sourceMappingURL pragmas is deprecated. Use //# instead
1529474736868	geckodriver	INFO	Listening on 127.0.0.1:57985
1529474739904	mozprofile::profile	INFO	Using profile path C:\Users\wjj\AppData\Local\Temp\rust_mozprofile.wUOvg3hK3aPi
1529474739905	geckodriver::marionette	INFO	Starting browser C:\Program Files (x86)\Mozilla Firefox\firefox.exe with args []
1529474739910	geckodriver::marionette	INFO	Connecting to Marionette on localhost:57997
1529474740804	Marionette	INFO	Listening on port 57997
JavaScript warning: http://b.anfubaoxian.cn/resources/js/jquery.js, line 1: Using //@ to indicate sourceMappingURL pragmas is deprecated. Use //# instead
1529474743928	geckodriver	INFO	Listening on 127.0.0.1:58023
1529474746979	mozprofile::profile	INFO	Using profile path C:\Users\wjj\AppData\Local\Temp\rust_mozprofile.8ufJ8tU5HRLD
1529474746980	geckodriver::marionette	INFO	Starting browser C:\Program Files (x86)\Mozilla Firefox\firefox.exe with args []
1529474746984	geckodriver::marionette	INFO	Connecting to Marionette on localhost:58035
1529474747831	Marionette	INFO	Listening on port 58035
JavaScript warning: http://b.anfubaoxian.cn/resources/js/jquery.js, line 1: Using //@ to indicate sourceMappingURL pragmas is deprecated. Use //# instead
1529474750730	geckodriver	INFO	Listening on 127.0.0.1:58060
1529474753766	mozprofile::profile	INFO	Using profile path C:\Users\wjj\AppData\Local\Temp\rust_mozprofile.dxjgOvebE5pY
1529474753767	geckodriver::marionette	INFO	Starting browser C:\Program Files (x86)\Mozilla Firefox\firefox.exe with args []
1529474753771	geckodriver::marionette	INFO	Connecting to Marionette on localhost:58072
1529474754760	Marionette	INFO	Listening on port 58072
JavaScript warning: http://b.anfubaoxian.cn/resources/js/jquery.js, line 1: Using //@ to indicate sourceMappingURL pragmas is deprecated. Use //# instead
1529474757534	geckodriver	INFO	Listening on 127.0.0.1:58097
1529474760604	mozprofile::profile	INFO	Using profile path C:\Users\wjj\AppData\Local\Temp\rust_mozprofile.pscWoclnQh15
1529474760605	geckodriver::marionette	INFO	Starting browser C:\Program Files (x86)\Mozilla Firefox\firefox.exe with args []
1529474760609	geckodriver::marionette	INFO	Connecting to Marionette on localhost:58109
1529474761604	Marionette	INFO	Listening on port 58109
JavaScript warning: http://b.anfubaoxian.cn/resources/js/jquery.js, line 1: Using //@ to indicate sourceMappingURL pragmas is deprecated. Use //# instead
1529474764762	geckodriver	INFO	Listening on 127.0.0.1:58132
1529474767778	mozprofile::profile	INFO	Using profile path C:\Users\wjj\AppData\Local\Temp\rust_mozprofile.dPnH6BeYRmcW
1529474767779	geckodriver::marionette	INFO	Starting browser C:\Program Files (x86)\Mozilla Firefox\firefox.exe with args []
1529474767783	geckodriver::marionette	INFO	Connecting to Marionette on localhost:58144
1529474769217	Marionette	INFO	Listening on port 58144
JavaScript warning: http://b.anfubaoxian.cn/resources/js/jquery.js, line 1: Using //@ to indicate sourceMappingURL pragmas is deprecated. Use //# instead
1529474772188	geckodriver	INFO	Listening on 127.0.0.1:58171
1529474775245	mozprofile::profile	INFO	Using profile path C:\Users\wjj\AppData\Local\Temp\rust_mozprofile.otpH2YLROA4S
1529474775246	geckodriver::marionette	INFO	Starting browser C:\Program Files (x86)\Mozilla Firefox\firefox.exe with args []
1529474775250	geckodriver::marionette	INFO	Connecting to Marionette on localhost:58183
1529474776096	Marionette	INFO	Listening on port 58183
JavaScript warning: http://b.anfubaoxian.cn/resources/js/jquery.js, line 1: Using //@ to indicate sourceMappingURL pragmas is deprecated. Use //# instead
1529474866798	geckodriver	INFO	Listening on 127.0.0.1:58338
1529474869835	mozprofile::profile	INFO	Using profile path C:\Users\wjj\AppData\Local\Temp\rust_mozprofile.yHUdSg81EnMp
1529474869836	geckodriver::marionette	INFO	Starting browser C:\Program Files (x86)\Mozilla Firefox\firefox.exe with args []
1529474869841	geckodriver::marionette	INFO	Connecting to Marionette on localhost:58351
1529474870688	Marionette	INFO	Listening on port 58351
JavaScript warning: http://b.anfubaoxian.cn/resources/js/jquery.js, line 1: Using //@ to indicate sourceMappingURL pragmas is deprecated. Use //# instead
1529474873862	geckodriver	INFO	Listening on 127.0.0.1:58374
1529474876882	mozprofile::profile	INFO	Using profile path C:\Users\wjj\AppData\Local\Temp\rust_mozprofile.oP0PjmOLZ8Em
1529474876883	geckodriver::marionette	INFO	Starting browser C:\Program Files (x86)\Mozilla Firefox\firefox.exe with args []
1529474876888	geckodriver::marionette	INFO	Connecting to Marionette on localhost:58386
1529474877789	Marionette	INFO	Listening on port 58386
JavaScript warning: http://b.anfubaoxian.cn/resources/js/jquery.js, line 1: Using //@ to indicate sourceMappingURL pragmas is deprecated. Use //# instead
1529474881025	geckodriver	INFO	Listening on 127.0.0.1:58409
1529474884086	mozprofile::profile	INFO	Using profile path C:\Users\wjj\AppData\Local\Temp\rust_mozprofile.6I3HmGLpY7oF
1529474884087	geckodriver::marionette	INFO	Starting browser C:\Program Files (x86)\Mozilla Firefox\firefox.exe with args []
1529474884091	geckodriver::marionette	INFO	Connecting to Marionette on localhost:58421
1529474885145	Marionette	INFO	Listening on port 58421
JavaScript warning: http://b.anfubaoxian.cn/resources/js/jquery.js, line 1: Using //@ to indicate sourceMappingURL pragmas is deprecated. Use //# instead
1529474888415	geckodriver	INFO	Listening on 127.0.0.1:58447
1529474891464	mozprofile::profile	INFO	Using profile path C:\Users\wjj\AppData\Local\Temp\rust_mozprofile.BTb5QHLutia3
1529474891465	geckodriver::marionette	INFO	Starting browser C:\Program Files (x86)\Mozilla Firefox\firefox.exe with args []
1529474891469	geckodriver::marionette	INFO	Connecting to Marionette on localhost:58459
1529474892348	Marionette	INFO	Listening on port 58459
JavaScript warning: http://b.anfubaoxian.cn/resources/js/jquery.js, line 1: Using //@ to indicate sourceMappingURL pragmas is deprecated. Use //# instead
1529474895126	geckodriver	INFO	Listening on 127.0.0.1:58484
1529474898154	mozprofile::profile	INFO	Using profile path C:\Users\wjj\AppData\Local\Temp\rust_mozprofile.PyyTsrzrRT0M
1529474898155	geckodriver::marionette	INFO	Starting browser C:\Program Files (x86)\Mozilla Firefox\firefox.exe with args []
1529474898159	geckodriver::marionette	INFO	Connecting to Marionette on localhost:58496
1529474899272	Marionette	INFO	Listening on port 58496
JavaScript warning: http://b.anfubaoxian.cn/resources/js/jquery.js, line 1: Using //@ to indicate sourceMappingURL pragmas is deprecated. Use //# instead
1529474902363	geckodriver	INFO	Listening on 127.0.0.1:58521
1529474905413	mozprofile::profile	INFO	Using profile path C:\Users\wjj\AppData\Local\Temp\rust_mozprofile.wmMj2NSt79Tn
1529474905414	geckodriver::marionette	INFO	Starting browser C:\Program Files (x86)\Mozilla Firefox\firefox.exe with args []
1529474905418	geckodriver::marionette	INFO	Connecting to Marionette on localhost:58533
1529474906259	Marionette	INFO	Listening on port 58533
JavaScript warning: http://b.anfubaoxian.cn/resources/js/jquery.js, line 1: Using //@ to indicate sourceMappingURL pragmas is deprecated. Use //# instead
1529474950946	geckodriver	INFO	Listening on 127.0.0.1:58614
1529474953987	mozprofile::profile	INFO	Using profile path C:\Users\wjj\AppData\Local\Temp\rust_mozprofile.5IIQcEBP9OuD
1529474953988	geckodriver::marionette	INFO	Starting browser C:\Program Files (x86)\Mozilla Firefox\firefox.exe with args []
1529474953993	geckodriver::marionette	INFO	Connecting to Marionette on localhost:58626
1529474954895	Marionette	INFO	Listening on port 58626
JavaScript warning: http://b.anfubaoxian.cn/resources/js/jquery.js, line 1: Using //@ to indicate sourceMappingURL pragmas is deprecated. Use //# instead
1529474958036	geckodriver	INFO	Listening on 127.0.0.1:58651
1529474961091	mozprofile::profile	INFO	Using profile path C:\Users\wjj\AppData\Local\Temp\rust_mozprofile.ceX4JRPdSrLm
1529474961092	geckodriver::marionette	INFO	Starting browser C:\Program Files (x86)\Mozilla Firefox\firefox.exe with args []
1529474961096	geckodriver::marionette	INFO	Connecting to Marionette on localhost:58663
1529474961908	Marionette	INFO	Listening on port 58663
JavaScript warning: http://b.anfubaoxian.cn/resources/js/jquery.js, line 1: Using //@ to indicate sourceMappingURL pragmas is deprecated. Use //# instead
1529474964807	geckodriver	INFO	Listening on 127.0.0.1:58687
1529474967871	mozprofile::profile	INFO	Using profile path C:\Users\wjj\AppData\Local\Temp\rust_mozprofile.ViGYapBHKb93
1529474967872	geckodriver::marionette	INFO	Starting browser C:\Program Files (x86)\Mozilla Firefox\firefox.exe with args []
1529474967876	geckodriver::marionette	INFO	Connecting to Marionette on localhost:58699
1529474968894	Marionette	INFO	Listening on port 58699
JavaScript warning: http://b.anfubaoxian.cn/resources/js/jquery.js, line 1: Using //@ to indicate sourceMappingURL pragmas is deprecated. Use //# instead
1529474971564	geckodriver	INFO	Listening on 127.0.0.1:58722
1529474974591	mozprofile::profile	INFO	Using profile path C:\Users\wjj\AppData\Local\Temp\rust_mozprofile.QopAo60f0WL6
1529474974592	geckodriver::marionette	INFO	Starting browser C:\Program Files (x86)\Mozilla Firefox\firefox.exe with args []
1529474974596	geckodriver::marionette	INFO	Connecting to Marionette on localhost:58734
1529474975495	Marionette	INFO	Listening on port 58734
JavaScript warning: http://b.anfubaoxian.cn/resources/js/jquery.js, line 1: Using //@ to indicate sourceMappingURL pragmas is deprecated. Use //# instead
1529474978494	geckodriver	INFO	Listening on 127.0.0.1:58759
1529474981556	mozprofile::profile	INFO	Using profile path C:\Users\wjj\AppData\Local\Temp\rust_mozprofile.JDt9TnNWPSte
1529474981557	geckodriver::marionette	INFO	Starting browser C:\Program Files (x86)\Mozilla Firefox\firefox.exe with args []
1529474981562	geckodriver::marionette	INFO	Connecting to Marionette on localhost:58771
1529474982431	Marionette	INFO	Listening on port 58771
JavaScript warning: http://b.anfubaoxian.cn/resources/js/jquery.js, line 1: Using //@ to indicate sourceMappingURL pragmas is deprecated. Use //# instead
1529474985221	geckodriver	INFO	Listening on 127.0.0.1:58796
1529474988265	mozprofile::profile	INFO	Using profile path C:\Users\wjj\AppData\Local\Temp\rust_mozprofile.CwgvYvblRWJR
1529474988266	geckodriver::marionette	INFO	Starting browser C:\Program Files (x86)\Mozilla Firefox\firefox.exe with args []
1529474988271	geckodriver::marionette	INFO	Connecting to Marionette on localhost:58808
1529474989272	Marionette	INFO	Listening on port 58808
JavaScript warning: http://b.anfubaoxian.cn/resources/js/jquery.js, line 1: Using //@ to indicate sourceMappingURL pragmas is deprecated. Use //# instead
1529475866485	geckodriver	INFO	Listening on 127.0.0.1:60625
1529475869550	mozprofile::profile	INFO	Using profile path C:\Users\wjj\AppData\Local\Temp\rust_mozprofile.WHKGW14us3ZB
1529475869551	geckodriver::marionette	INFO	Starting browser C:\Program Files (x86)\Mozilla Firefox\firefox.exe with args []
1529475869556	geckodriver::marionette	INFO	Connecting to Marionette on localhost:60637
1529475870462	Marionette	INFO	Listening on port 60637
JavaScript warning: http://b.anfubaoxian.cn/resources/js/jquery.js, line 1: Using //@ to indicate sourceMappingURL pragmas is deprecated. Use //# instead
1529475873386	geckodriver	INFO	Listening on 127.0.0.1:60661
1529475876416	mozprofile::profile	INFO	Using profile path C:\Users\wjj\AppData\Local\Temp\rust_mozprofile.cVRiQH3b46N8
1529475876417	geckodriver::marionette	INFO	Starting browser C:\Program Files (x86)\Mozilla Firefox\firefox.exe with args []
1529475876421	geckodriver::marionette	INFO	Connecting to Marionette on localhost:60673
1529475877387	Marionette	INFO	Listening on port 60673
JavaScript warning: http://b.anfubaoxian.cn/resources/js/jquery.js, line 1: Using //@ to indicate sourceMappingURL pragmas is deprecated. Use //# instead
1529476633791	geckodriver	INFO	Listening on 127.0.0.1:62570
1529476636817	mozprofile::profile	INFO	Using profile path C:\Users\wjj\AppData\Local\Temp\rust_mozprofile.Pz8DBzWK2gsp
1529476636818	geckodriver::marionette	INFO	Starting browser C:\Program Files (x86)\Mozilla Firefox\firefox.exe with args []
1529476636823	geckodriver::marionette	INFO	Connecting to Marionette on localhost:62584
1529476637675	Marionette	INFO	Listening on port 62584
JavaScript warning: http://b.anfubaoxian.cn/resources/js/jquery.js, line 1: Using //@ to indicate sourceMappingURL pragmas is deprecated. Use //# instead
1529476640451	geckodriver	INFO	Listening on 127.0.0.1:62612
1529476643482	mozprofile::profile	INFO	Using profile path C:\Users\wjj\AppData\Local\Temp\rust_mozprofile.bcUNh5EIrvAE
1529476643483	geckodriver::marionette	INFO	Starting browser C:\Program Files (x86)\Mozilla Firefox\firefox.exe with args []
1529476643487	geckodriver::marionette	INFO	Connecting to Marionette on localhost:62625
1529476644464	Marionette	INFO	Listening on port 62625
JavaScript warning: http://b.anfubaoxian.cn/resources/js/jquery.js, line 1: Using //@ to indicate sourceMappingURL pragmas is deprecated. Use //# instead
1529476647597	geckodriver	INFO	Listening on 127.0.0.1:62650
1529476650638	mozprofile::profile	INFO	Using profile path C:\Users\wjj\AppData\Local\Temp\rust_mozprofile.mYoajWLAINFi
1529476650639	geckodriver::marionette	INFO	Starting browser C:\Program Files (x86)\Mozilla Firefox\firefox.exe with args []
1529476650643	geckodriver::marionette	INFO	Connecting to Marionette on localhost:62662
1529476651544	Marionette	INFO	Listening on port 62662
JavaScript warning: http://b.anfubaoxian.cn/resources/js/jquery.js, line 1: Using //@ to indicate sourceMappingURL pragmas is deprecated. Use //# instead
1529476654732	geckodriver	INFO	Listening on 127.0.0.1:62686
1529476657778	mozprofile::profile	INFO	Using profile path C:\Users\wjj\AppData\Local\Temp\rust_mozprofile.nm9iNFqTegMY
1529476657779	geckodriver::marionette	INFO	Starting browser C:\Program Files (x86)\Mozilla Firefox\firefox.exe with args []
1529476657783	geckodriver::marionette	INFO	Connecting to Marionette on localhost:62698
1529476658679	Marionette	INFO	Listening on port 62698
JavaScript warning: http://b.anfubaoxian.cn/resources/js/jquery.js, line 1: Using //@ to indicate sourceMappingURL pragmas is deprecated. Use //# instead
1529476661958	geckodriver	INFO	Listening on 127.0.0.1:62725
1529476665003	mozprofile::profile	INFO	Using profile path C:\Users\wjj\AppData\Local\Temp\rust_mozprofile.pgTlLZ89Ud9n
1529476665005	geckodriver::marionette	INFO	Starting browser C:\Program Files (x86)\Mozilla Firefox\firefox.exe with args []
1529476665009	geckodriver::marionette	INFO	Connecting to Marionette on localhost:62737
1529476665870	Marionette	INFO	Listening on port 62737
JavaScript warning: http://b.anfubaoxian.cn/resources/js/jquery.js, line 1: Using //@ to indicate sourceMappingURL pragmas is deprecated. Use //# instead
1529476669110	geckodriver	INFO	Listening on 127.0.0.1:62763
1529476672171	mozprofile::profile	INFO	Using profile path C:\Users\wjj\AppData\Local\Temp\rust_mozprofile.EWamyxcIUHGC
1529476672172	geckodriver::marionette	INFO	Starting browser C:\Program Files (x86)\Mozilla Firefox\firefox.exe with args []
1529476672176	geckodriver::marionette	INFO	Connecting to Marionette on localhost:62775
1529476673066	Marionette	INFO	Listening on port 62775
JavaScript warning: http://b.anfubaoxian.cn/resources/js/jquery.js, line 1: Using //@ to indicate sourceMappingURL pragmas is deprecated. Use //# instead
1529486027740	geckodriver	INFO	Listening on 127.0.0.1:61185
1529486030620	mozprofile::profile	INFO	Using profile path C:\Users\wjj\AppData\Local\Temp\rust_mozprofile.LVsA7MEGKrs9
1529486030622	geckodriver::marionette	INFO	Starting browser C:\Program Files (x86)\Mozilla Firefox\firefox.exe with args []
1529486030627	geckodriver::marionette	INFO	Connecting to Marionette on localhost:61198
1529486031488	Marionette	INFO	Listening on port 61198
JavaScript warning: http://b.anfubaoxian.cn/resources/js/jquery.js, line 1: Using //@ to indicate sourceMappingURL pragmas is deprecated. Use //# instead
1529486035386	geckodriver	INFO	Listening on 127.0.0.1:61225
1529486038402	mozprofile::profile	INFO	Using profile path C:\Users\wjj\AppData\Local\Temp\rust_mozprofile.oCiSzowOnQtT
1529486038404	geckodriver::marionette	INFO	Starting browser C:\Program Files (x86)\Mozilla Firefox\firefox.exe with args []
1529486038408	geckodriver::marionette	INFO	Connecting to Marionette on localhost:61238
1529486039400	Marionette	INFO	Listening on port 61238
JavaScript warning: http://b.anfubaoxian.cn/resources/js/jquery.js, line 1: Using //@ to indicate sourceMappingURL pragmas is deprecated. Use //# instead
1529486042240	geckodriver	INFO	Listening on 127.0.0.1:61261
1529486045287	mozprofile::profile	INFO	Using profile path C:\Users\wjj\AppData\Local\Temp\rust_mozprofile.TnuSIY7QLZSg
1529486045288	geckodriver::marionette	INFO	Starting browser C:\Program Files (x86)\Mozilla Firefox\firefox.exe with args []
1529486045293	geckodriver::marionette	INFO	Connecting to Marionette on localhost:61273
1529486046643	Marionette	INFO	Listening on port 61273
JavaScript warning: http://b.anfubaoxian.cn/resources/js/jquery.js, line 1: Using //@ to indicate sourceMappingURL pragmas is deprecated. Use //# instead
1529486051122	geckodriver	INFO	Listening on 127.0.0.1:61300
1529486054191	mozprofile::profile	INFO	Using profile path C:\Users\wjj\AppData\Local\Temp\rust_mozprofile.9RsHArCFMIpf
1529486054192	geckodriver::marionette	INFO	Starting browser C:\Program Files (x86)\Mozilla Firefox\firefox.exe with args []
1529486054197	geckodriver::marionette	INFO	Connecting to Marionette on localhost:61312
1529486055111	Marionette	INFO	Listening on port 61312
JavaScript warning: http://b.anfubaoxian.cn/resources/js/jquery.js, line 1: Using //@ to indicate sourceMappingURL pragmas is deprecated. Use //# instead
1529486059573	geckodriver	INFO	Listening on 127.0.0.1:61337
1529486062626	mozprofile::profile	INFO	Using profile path C:\Users\wjj\AppData\Local\Temp\rust_mozprofile.upLD4OKGYKVZ
1529486062628	geckodriver::marionette	INFO	Starting browser C:\Program Files (x86)\Mozilla Firefox\firefox.exe with args []
1529486062632	geckodriver::marionette	INFO	Connecting to Marionette on localhost:61349
1529486063466	Marionette	INFO	Listening on port 61349
JavaScript warning: http://b.anfubaoxian.cn/resources/js/jquery.js, line 1: Using //@ to indicate sourceMappingURL pragmas is deprecated. Use //# instead
1529486067114	geckodriver	INFO	Listening on 127.0.0.1:61374
1529486070178	mozprofile::profile	INFO	Using profile path C:\Users\wjj\AppData\Local\Temp\rust_mozprofile.Pc0r9PlE1HCV
1529486070179	geckodriver::marionette	INFO	Starting browser C:\Program Files (x86)\Mozilla Firefox\firefox.exe with args []
1529486070183	geckodriver::marionette	INFO	Connecting to Marionette on localhost:61386
1529486071220	Marionette	INFO	Listening on port 61386
JavaScript warning: http://b.anfubaoxian.cn/resources/js/jquery.js, line 1: Using //@ to indicate sourceMappingURL pragmas is deprecated. Use //# instead
1529486506744	geckodriver	INFO	Listening on 127.0.0.1:62208
1529486509804	mozprofile::profile	INFO	Using profile path C:\Users\wjj\AppData\Local\Temp\rust_mozprofile.LSSPbST4ho02
1529486509805	geckodriver::marionette	INFO	Starting browser C:\Program Files (x86)\Mozilla Firefox\firefox.exe with args []
1529486509810	geckodriver::marionette	INFO	Connecting to Marionette on localhost:62220
1529486510655	Marionette	INFO	Listening on port 62220
JavaScript warning: http://b.anfubaoxian.cn/resources/js/jquery.js, line 1: Using //@ to indicate sourceMappingURL pragmas is deprecated. Use //# instead
1529486513673	geckodriver	INFO	Listening on 127.0.0.1:62242
1529486516716	mozprofile::profile	INFO	Using profile path C:\Users\wjj\AppData\Local\Temp\rust_mozprofile.Qj6bHF9xrxoX
1529486516718	geckodriver::marionette	INFO	Starting browser C:\Program Files (x86)\Mozilla Firefox\firefox.exe with args []
1529486516722	geckodriver::marionette	INFO	Connecting to Marionette on localhost:62254
1529486517591	Marionette	INFO	Listening on port 62254
JavaScript warning: http://b.anfubaoxian.cn/resources/js/jquery.js, line 1: Using //@ to indicate sourceMappingURL pragmas is deprecated. Use //# instead
1529486520863	geckodriver	INFO	Listening on 127.0.0.1:62279
1529486523906	mozprofile::profile	INFO	Using profile path C:\Users\wjj\AppData\Local\Temp\rust_mozprofile.HOLvfwQ2qRIR
1529486523907	geckodriver::marionette	INFO	Starting browser C:\Program Files (x86)\Mozilla Firefox\firefox.exe with args []
1529486523911	geckodriver::marionette	INFO	Connecting to Marionette on localhost:62291
1529486524730	Marionette	INFO	Listening on port 62291
JavaScript warning: http://b.anfubaoxian.cn/resources/js/jquery.js, line 1: Using //@ to indicate sourceMappingURL pragmas is deprecated. Use //# instead
1529486527500	geckodriver	INFO	Listening on 127.0.0.1:62312
1529486530535	mozprofile::profile	INFO	Using profile path C:\Users\wjj\AppData\Local\Temp\rust_mozprofile.jZGNY1z2rj9T
1529486530537	geckodriver::marionette	INFO	Starting browser C:\Program Files (x86)\Mozilla Firefox\firefox.exe with args []
1529486530541	geckodriver::marionette	INFO	Connecting to Marionette on localhost:62324
1529486531470	Marionette	INFO	Listening on port 62324
JavaScript warning: http://b.anfubaoxian.cn/resources/js/jquery.js, line 1: Using //@ to indicate sourceMappingURL pragmas is deprecated. Use //# instead
1529486534337	geckodriver	INFO	Listening on 127.0.0.1:62347
1529486537382	mozprofile::profile	INFO	Using profile path C:\Users\wjj\AppData\Local\Temp\rust_mozprofile.3dXkdTWai0yL
1529486537384	geckodriver::marionette	INFO	Starting browser C:\Program Files (x86)\Mozilla Firefox\firefox.exe with args []
1529486537388	geckodriver::marionette	INFO	Connecting to Marionette on localhost:62360
1529486538309	Marionette	INFO	Listening on port 62360
JavaScript warning: http://b.anfubaoxian.cn/resources/js/jquery.js, line 1: Using //@ to indicate sourceMappingURL pragmas is deprecated. Use //# instead
1529486541186	geckodriver	INFO	Listening on 127.0.0.1:62384
1529486544244	mozprofile::profile	INFO	Using profile path C:\Users\wjj\AppData\Local\Temp\rust_mozprofile.YQvYpGVbyava
1529486544246	geckodriver::marionette	INFO	Starting browser C:\Program Files (x86)\Mozilla Firefox\firefox.exe with args []
1529486544250	geckodriver::marionette	INFO	Connecting to Marionette on localhost:62396
1529486545166	Marionette	INFO	Listening on port 62396
JavaScript warning: http://b.anfubaoxian.cn/resources/js/jquery.js, line 1: Using //@ to indicate sourceMappingURL pragmas is deprecated. Use //# instead
1529486685210	geckodriver	INFO	Listening on 127.0.0.1:62603
1529486688249	mozprofile::profile	INFO	Using profile path C:\Users\wjj\AppData\Local\Temp\rust_mozprofile.ObGNcOlYAfIN
1529486688250	geckodriver::marionette	INFO	Starting browser C:\Program Files (x86)\Mozilla Firefox\firefox.exe with args []
1529486688255	geckodriver::marionette	INFO	Connecting to Marionette on localhost:62615
1529486689158	Marionette	INFO	Listening on port 62615
JavaScript warning: http://b.anfubaoxian.cn/resources/js/jquery.js, line 1: Using //@ to indicate sourceMappingURL pragmas is deprecated. Use //# instead
1529486691813	geckodriver	INFO	Listening on 127.0.0.1:62636
1529486694870	mozprofile::profile	INFO	Using profile path C:\Users\wjj\AppData\Local\Temp\rust_mozprofile.aR977AqBLFpf
1529486694871	geckodriver::marionette	INFO	Starting browser C:\Program Files (x86)\Mozilla Firefox\firefox.exe with args []
1529486694876	geckodriver::marionette	INFO	Connecting to Marionette on localhost:62648
1529486695729	Marionette	INFO	Listening on port 62648
JavaScript warning: http://b.anfubaoxian.cn/resources/js/jquery.js, line 1: Using //@ to indicate sourceMappingURL pragmas is deprecated. Use //# instead
JavaScript warning: http://b.anfubaoxian.cn/resources/js/jquery.js, line 1: Using //@ to indicate sourceMappingURL pragmas is deprecated. Use //# instead
1529486708973	geckodriver	INFO	Listening on 127.0.0.1:62695
1529486712027	mozprofile::profile	INFO	Using profile path C:\Users\wjj\AppData\Local\Temp\rust_mozprofile.OANnKjAWWSfX
1529486712028	geckodriver::marionette	INFO	Starting browser C:\Program Files (x86)\Mozilla Firefox\firefox.exe with args []
1529486712033	geckodriver::marionette	INFO	Connecting to Marionette on localhost:62707
1529486712886	Marionette	INFO	Listening on port 62707
JavaScript warning: http://b.anfubaoxian.cn/resources/js/jquery.js, line 1: Using //@ to indicate sourceMappingURL pragmas is deprecated. Use //# instead
JavaScript warning: http://b.anfubaoxian.cn/resources/js/jquery.js, line 1: Using //@ to indicate sourceMappingURL pragmas is deprecated. Use //# instead
1529486727073	geckodriver	INFO	Listening on 127.0.0.1:62756
1529486730148	mozprofile::profile	INFO	Using profile path C:\Users\wjj\AppData\Local\Temp\rust_mozprofile.9qnIlSDDYWSr
1529486730149	geckodriver::marionette	INFO	Starting browser C:\Program Files (x86)\Mozilla Firefox\firefox.exe with args []
1529486730153	geckodriver::marionette	INFO	Connecting to Marionette on localhost:62768
1529486731203	Marionette	INFO	Listening on port 62768
JavaScript warning: http://b.anfubaoxian.cn/resources/js/jquery.js, line 1: Using //@ to indicate sourceMappingURL pragmas is deprecated. Use //# instead
JavaScript warning: http://b.anfubaoxian.cn/resources/js/jquery.js, line 1: Using //@ to indicate sourceMappingURL pragmas is deprecated. Use //# instead
1529486745566	geckodriver	INFO	Listening on 127.0.0.1:62818
1529486748605	mozprofile::profile	INFO	Using profile path C:\Users\wjj\AppData\Local\Temp\rust_mozprofile.7a35UcRl2LrR
1529486748606	geckodriver::marionette	INFO	Starting browser C:\Program Files (x86)\Mozilla Firefox\firefox.exe with args []
1529486748611	geckodriver::marionette	INFO	Connecting to Marionette on localhost:62830
1529486749589	Marionette	INFO	Listening on port 62830
JavaScript warning: http://b.anfubaoxian.cn/resources/js/jquery.js, line 1: Using //@ to indicate sourceMappingURL pragmas is deprecated. Use //# instead
JavaScript warning: http://b.anfubaoxian.cn/resources/js/jquery.js, line 1: Using //@ to indicate sourceMappingURL pragmas is deprecated. Use //# instead
1529486763322	geckodriver	INFO	Listening on 127.0.0.1:62881
1529486766366	mozprofile::profile	INFO	Using profile path C:\Users\wjj\AppData\Local\Temp\rust_mozprofile.gLbVJwbWPcJr
1529486766367	geckodriver::marionette	INFO	Starting browser C:\Program Files (x86)\Mozilla Firefox\firefox.exe with args []
1529486766372	geckodriver::marionette	INFO	Connecting to Marionette on localhost:62893
1529486767238	Marionette	INFO	Listening on port 62893
JavaScript warning: http://b.anfubaoxian.cn/resources/js/jquery.js, line 1: Using //@ to indicate sourceMappingURL pragmas is deprecated. Use //# instead
1529486898591	geckodriver	INFO	Listening on 127.0.0.1:63148
1529486901635	mozprofile::profile	INFO	Using profile path C:\Users\wjj\AppData\Local\Temp\rust_mozprofile.N7PvbavuDKBB
1529486901636	geckodriver::marionette	INFO	Starting browser C:\Program Files (x86)\Mozilla Firefox\firefox.exe with args []
1529486901641	geckodriver::marionette	INFO	Connecting to Marionette on localhost:63160
1529486902453	Marionette	INFO	Listening on port 63160
JavaScript warning: http://b.anfubaoxian.cn/resources/js/jquery.js, line 1: Using //@ to indicate sourceMappingURL pragmas is deprecated. Use //# instead
1529486905241	geckodriver	INFO	Listening on 127.0.0.1:63183
1529486908264	mozprofile::profile	INFO	Using profile path C:\Users\wjj\AppData\Local\Temp\rust_mozprofile.klIyPY7C8wV4
1529486908265	geckodriver::marionette	INFO	Starting browser C:\Program Files (x86)\Mozilla Firefox\firefox.exe with args []
1529486908269	geckodriver::marionette	INFO	Connecting to Marionette on localhost:63195
1529486909241	Marionette	INFO	Listening on port 63195
JavaScript warning: http://b.anfubaoxian.cn/resources/js/jquery.js, line 1: Using //@ to indicate sourceMappingURL pragmas is deprecated. Use //# instead
JavaScript warning: http://b.anfubaoxian.cn/resources/js/jquery.js, line 1: Using //@ to indicate sourceMappingURL pragmas is deprecated. Use //# instead
1529486922729	geckodriver	INFO	Listening on 127.0.0.1:63244
1529486925771	mozprofile::profile	INFO	Using profile path C:\Users\wjj\AppData\Local\Temp\rust_mozprofile.15uyXbnA3Ho0
1529486925772	geckodriver::marionette	INFO	Starting browser C:\Program Files (x86)\Mozilla Firefox\firefox.exe with args []
1529486925776	geckodriver::marionette	INFO	Connecting to Marionette on localhost:63256
1529486926916	Marionette	INFO	Listening on port 63256
JavaScript warning: http://b.anfubaoxian.cn/resources/js/jquery.js, line 1: Using //@ to indicate sourceMappingURL pragmas is deprecated. Use //# instead
JavaScript warning: http://b.anfubaoxian.cn/resources/js/jquery.js, line 1: Using //@ to indicate sourceMappingURL pragmas is deprecated. Use //# instead
1529486940599	geckodriver	INFO	Listening on 127.0.0.1:63305
1529486943635	mozprofile::profile	INFO	Using profile path C:\Users\wjj\AppData\Local\Temp\rust_mozprofile.eVgEW1FAV8g4
1529486943637	geckodriver::marionette	INFO	Starting browser C:\Program Files (x86)\Mozilla Firefox\firefox.exe with args []
1529486943642	geckodriver::marionette	INFO	Connecting to Marionette on localhost:63318
1529486944509	Marionette	INFO	Listening on port 63318
JavaScript warning: http://b.anfubaoxian.cn/resources/js/jquery.js, line 1: Using //@ to indicate sourceMappingURL pragmas is deprecated. Use //# instead
JavaScript warning: http://b.anfubaoxian.cn/resources/js/jquery.js, line 1: Using //@ to indicate sourceMappingURL pragmas is deprecated. Use //# instead
1529486957840	geckodriver	INFO	Listening on 127.0.0.1:63368
1529486960883	mozprofile::profile	INFO	Using profile path C:\Users\wjj\AppData\Local\Temp\rust_mozprofile.cctOM9Kmw76v
1529486960884	geckodriver::marionette	INFO	Starting browser C:\Program Files (x86)\Mozilla Firefox\firefox.exe with args []
1529486960889	geckodriver::marionette	INFO	Connecting to Marionette on localhost:63381
1529486961856	Marionette	INFO	Listening on port 63381
JavaScript warning: http://b.anfubaoxian.cn/resources/js/jquery.js, line 1: Using //@ to indicate sourceMappingURL pragmas is deprecated. Use //# instead
JavaScript warning: http://b.anfubaoxian.cn/resources/js/jquery.js, line 1: Using //@ to indicate sourceMappingURL pragmas is deprecated. Use //# instead
1529486975350	geckodriver	INFO	Listening on 127.0.0.1:63431
1529486978407	mozprofile::profile	INFO	Using profile path C:\Users\wjj\AppData\Local\Temp\rust_mozprofile.ezqK3psvXnIk
1529486978409	geckodriver::marionette	INFO	Starting browser C:\Program Files (x86)\Mozilla Firefox\firefox.exe with args []
1529486978413	geckodriver::marionette	INFO	Connecting to Marionette on localhost:63443
1529486979246	Marionette	INFO	Listening on port 63443
JavaScript warning: http://b.anfubaoxian.cn/resources/js/jquery.js, line 1: Using //@ to indicate sourceMappingURL pragmas is deprecated. Use //# instead
